# JRE version: OpenJDK Runtime Environment Temurin-21.0.8+9 (21.0.8+9) (build 21.0.8+9-LTS)
# Java VM: OpenJDK 64-Bit Server VM Temurin-21.0.8+9 (21.0.8+9-LTS, mixed mode, sharing, tiered, compressed oops, compressed class ptrs, parallel gc, windows-amd64)
GC Precious Log:
 CardTable entry size: 512
 CPUs: 8 total, 8 available
 Memory: 7959M
 Large Page Support: Disabled
 NUMA Support: Disabled
 Compressed Oops: Enabled (32-bit)
 Alignments: Space 512K, Generation 512K, Heap 2M
 Heap Min Capacity: 100M
 Heap Initial Capacity: 100M
 Heap Max Capacity: 2G
 Pre-touch: Disabled
 Parallel Workers: 8
Heap:
 PSYoungGen      total 3584K, used 2671K [0x00000000d5580000, 0x00000000d5a80000, 0x0000000100000000)
  eden space 3072K, 70% used [0x00000000d5580000,0x00000000d579be50,0x00000000d5880000)
  from space 512K, 100% used [0x00000000d5980000,0x00000000d5a00000,0x00000000d5a00000)
  to   space 1024K, 0% used [0x00000000d5880000,0x00000000d5880000,0x00000000d5980000)
 ParOldGen       total 764928K, used 764788K [0x0000000080000000, 0x00000000aeb00000, 0x00000000d5580000)
  object space 764928K, 99% used [0x0000000080000000,0x00000000aeadd1f0,0x00000000aeb00000)
 Metaspace       used 100768K, committed 102656K, reserved 1179648K
  class space    used 10066K, committed 10944K, reserved 1048576K
GC Heap History (20 events):
Event: 13833.908 GC heap before
{Heap before GC invocations=5704 (full 7):
 PSYoungGen      total 3584K, used 3504K [0x00000000d5580000, 0x00000000d5a00000, 0x0000000100000000)
  eden space 3072K, 100% used [0x00000000d5580000,0x00000000d5880000,0x00000000d5880000)
  from space 512K, 84% used [0x00000000d5980000,0x00000000d59ec010,0x00000000d5a00000)
  to   space 512K, 0% used [0x00000000d5880000,0x00000000d5880000,0x00000000d5900000)
 ParOldGen       total 760832K, used 760675K [0x0000000080000000, 0x00000000ae700000, 0x00000000d5580000)
  object space 760832K, 99% used [0x0000000080000000,0x00000000ae6d8ed8,0x00000000ae700000)
 Metaspace       used 100744K, committed 102656K, reserved 1179648K
  class space    used 10064K, committed 10944K, reserved 1048576K
}
Event: 13833.911 GC heap after
{Heap after GC invocations=5704 (full 7):
 PSYoungGen      total 3584K, used 512K [0x00000000d5580000, 0x00000000d5a80000, 0x0000000100000000)
  eden space 3072K, 0% used [0x00000000d5580000,0x00000000d5580000,0x00000000d5880000)
  from space 512K, 100% used [0x00000000d5880000,0x00000000d5900000,0x00000000d5900000)
  to   space 1024K, 0% used [0x00000000d5980000,0x00000000d5980000,0x00000000d5a80000)
 ParOldGen       total 761344K, used 761045K [0x0000000080000000, 0x00000000ae780000, 0x00000000d5580000)
  object space 761344K, 99% used [0x0000000080000000,0x00000000ae735600,0x00000000ae780000)
 Metaspace       used 100744K, committed 102656K, reserved 1179648K
  class space    used 10064K, committed 10944K, reserved 1048576K
}
Event: 13834.273 GC heap before
{Heap before GC invocations=5705 (full 7):
 PSYoungGen      total 3584K, used 3584K [0x00000000d5580000, 0x00000000d5a80000, 0x0000000100000000)
  eden space 3072K, 100% used [0x00000000d5580000,0x00000000d5880000,0x00000000d5880000)
  from space 512K, 100% used [0x00000000d5880000,0x00000000d5900000,0x00000000d5900000)
  to   space 1024K, 0% used [0x00000000d5980000,0x00000000d5980000,0x00000000d5a80000)
 ParOldGen       total 761344K, used 761045K [0x0000000080000000, 0x00000000ae780000, 0x00000000d5580000)
  object space 761344K, 99% used [0x0000000080000000,0x00000000ae735600,0x00000000ae780000)
 Metaspace       used 100744K, committed 102656K, reserved 1179648K
  class space    used 10064K, committed 10944K, reserved 1048576K
}
Event: 13834.275 GC heap after
{Heap after GC invocations=5705 (full 7):
 PSYoungGen      total 4096K, used 708K [0x00000000d5580000, 0x00000000d5a80000, 0x0000000100000000)
  eden space 3072K, 0% used [0x00000000d5580000,0x00000000d5580000,0x00000000d5880000)
  from space 1024K, 69% used [0x00000000d5980000,0x00000000d5a31210,0x00000000d5a80000)
  to   space 1024K, 0% used [0x00000000d5880000,0x00000000d5880000,0x00000000d5980000)
 ParOldGen       total 761856K, used 761525K [0x0000000080000000, 0x00000000ae800000, 0x00000000d5580000)
  object space 761856K, 99% used [0x0000000080000000,0x00000000ae7ad600,0x00000000ae800000)
 Metaspace       used 100744K, committed 102656K, reserved 1179648K
  class space    used 10064K, committed 10944K, reserved 1048576K
}
Event: 13834.288 GC heap before
{Heap before GC invocations=5706 (full 7):
 PSYoungGen      total 4096K, used 3780K [0x00000000d5580000, 0x00000000d5a80000, 0x0000000100000000)
  eden space 3072K, 100% used [0x00000000d5580000,0x00000000d5880000,0x00000000d5880000)
  from space 1024K, 69% used [0x00000000d5980000,0x00000000d5a31210,0x00000000d5a80000)
  to   space 1024K, 0% used [0x00000000d5880000,0x00000000d5880000,0x00000000d5980000)
 ParOldGen       total 761856K, used 761525K [0x0000000080000000, 0x00000000ae800000, 0x00000000d5580000)
  object space 761856K, 99% used [0x0000000080000000,0x00000000ae7ad600,0x00000000ae800000)
 Metaspace       used 100744K, committed 102656K, reserved 1179648K
  class space    used 10064K, committed 10944K, reserved 1048576K
}
Event: 13834.292 GC heap after
{Heap after GC invocations=5706 (full 7):
 PSYoungGen      total 4096K, used 695K [0x00000000d5580000, 0x00000000d5a80000, 0x0000000100000000)
  eden space 3072K, 0% used [0x00000000d5580000,0x00000000d5580000,0x00000000d5880000)
  from space 1024K, 67% used [0x00000000d5880000,0x00000000d592ddf8,0x00000000d5980000)
  to   space 1024K, 0% used [0x00000000d5980000,0x00000000d5980000,0x00000000d5a80000)
 ParOldGen       total 762368K, used 762142K [0x0000000080000000, 0x00000000ae880000, 0x00000000d5580000)
  object space 762368K, 99% used [0x0000000080000000,0x00000000ae847820,0x00000000ae880000)
 Metaspace       used 100744K, committed 102656K, reserved 1179648K
  class space    used 10064K, committed 10944K, reserved 1048576K
}
Event: 13835.073 GC heap before
{Heap before GC invocations=5707 (full 7):
 PSYoungGen      total 4096K, used 3767K [0x00000000d5580000, 0x00000000d5a80000, 0x0000000100000000)
  eden space 3072K, 100% used [0x00000000d5580000,0x00000000d5880000,0x00000000d5880000)
  from space 1024K, 67% used [0x00000000d5880000,0x00000000d592ddf8,0x00000000d5980000)
  to   space 1024K, 0% used [0x00000000d5980000,0x00000000d5980000,0x00000000d5a80000)
 ParOldGen       total 762368K, used 762142K [0x0000000080000000, 0x00000000ae880000, 0x00000000d5580000)
  object space 762368K, 99% used [0x0000000080000000,0x00000000ae847820,0x00000000ae880000)
 Metaspace       used 100745K, committed 102656K, reserved 1179648K
  class space    used 10064K, committed 10944K, reserved 1048576K
}
Event: 13835.082 GC heap after
{Heap after GC invocations=5707 (full 7):
 PSYoungGen      total 4096K, used 740K [0x00000000d5580000, 0x00000000d5a80000, 0x0000000100000000)
  eden space 3072K, 0% used [0x00000000d5580000,0x00000000d5580000,0x00000000d5880000)
  from space 1024K, 72% used [0x00000000d5980000,0x00000000d5a39210,0x00000000d5a80000)
  to   space 1024K, 0% used [0x00000000d5880000,0x00000000d5880000,0x00000000d5980000)
 ParOldGen       total 762880K, used 762732K [0x0000000080000000, 0x00000000ae900000, 0x00000000d5580000)
  object space 762880K, 99% used [0x0000000080000000,0x00000000ae8db1a0,0x00000000ae900000)
 Metaspace       used 100745K, committed 102656K, reserved 1179648K
  class space    used 10064K, committed 10944K, reserved 1048576K
}
Event: 13835.095 GC heap before
{Heap before GC invocations=5708 (full 7):
 PSYoungGen      total 4096K, used 3812K [0x00000000d5580000, 0x00000000d5a80000, 0x0000000100000000)
  eden space 3072K, 100% used [0x00000000d5580000,0x00000000d5880000,0x00000000d5880000)
  from space 1024K, 72% used [0x00000000d5980000,0x00000000d5a39210,0x00000000d5a80000)
  to   space 1024K, 0% used [0x00000000d5880000,0x00000000d5880000,0x00000000d5980000)
 ParOldGen       total 762880K, used 762732K [0x0000000080000000, 0x00000000ae900000, 0x00000000d5580000)
  object space 762880K, 99% used [0x0000000080000000,0x00000000ae8db1a0,0x00000000ae900000)
 Metaspace       used 100745K, committed 102656K, reserved 1179648K
  class space    used 10064K, committed 10944K, reserved 1048576K
}
Event: 13835.100 GC heap after
{Heap after GC invocations=5708 (full 7):
 PSYoungGen      total 4096K, used 631K [0x00000000d5580000, 0x00000000d5a80000, 0x0000000100000000)
  eden space 3072K, 0% used [0x00000000d5580000,0x00000000d5580000,0x00000000d5880000)
  from space 1024K, 61% used [0x00000000d5880000,0x00000000d591ddf8,0x00000000d5980000)
  to   space 1024K, 0% used [0x00000000d5980000,0x00000000d5980000,0x00000000d5a80000)
 ParOldGen       total 763392K, used 763320K [0x0000000080000000, 0x00000000ae980000, 0x00000000d5580000)
  object space 763392K, 99% used [0x0000000080000000,0x00000000ae96e3d0,0x00000000ae980000)
 Metaspace       used 100745K, committed 102656K, reserved 1179648K
  class space    used 10064K, committed 10944K, reserved 1048576K
}
Event: 13838.317 GC heap before
{Heap before GC invocations=5709 (full 7):
 PSYoungGen      total 4096K, used 3703K [0x00000000d5580000, 0x00000000d5a80000, 0x0000000100000000)
  eden space 3072K, 100% used [0x00000000d5580000,0x00000000d5880000,0x00000000d5880000)
  from space 1024K, 61% used [0x00000000d5880000,0x00000000d591ddf8,0x00000000d5980000)
  to   space 1024K, 0% used [0x00000000d5980000,0x00000000d5980000,0x00000000d5a80000)
 ParOldGen       total 763392K, used 763320K [0x0000000080000000, 0x00000000ae980000, 0x00000000d5580000)
  object space 763392K, 99% used [0x0000000080000000,0x00000000ae96e3d0,0x00000000ae980000)
 Metaspace       used 100745K, committed 102656K, reserved 1179648K
  class space    used 10064K, committed 10944K, reserved 1048576K
}
Event: 13838.325 GC heap after
{Heap after GC invocations=5709 (full 7):
 PSYoungGen      total 4096K, used 762K [0x00000000d5580000, 0x00000000d5a80000, 0x0000000100000000)
  eden space 3072K, 0% used [0x00000000d5580000,0x00000000d5580000,0x00000000d5880000)
  from space 1024K, 74% used [0x00000000d5980000,0x00000000d5a3e900,0x00000000d5a80000)
  to   space 1024K, 0% used [0x00000000d5880000,0x00000000d5880000,0x00000000d5980000)
 ParOldGen       total 764416K, used 763915K [0x0000000080000000, 0x00000000aea80000, 0x00000000d5580000)
  object space 764416K, 99% used [0x0000000080000000,0x00000000aea02d40,0x00000000aea80000)
 Metaspace       used 100745K, committed 102656K, reserved 1179648K
  class space    used 10064K, committed 10944K, reserved 1048576K
}
Event: 13838.413 GC heap before
{Heap before GC invocations=5710 (full 7):
 PSYoungGen      total 4096K, used 3834K [0x00000000d5580000, 0x00000000d5a80000, 0x0000000100000000)
  eden space 3072K, 99% used [0x00000000d5580000,0x00000000d587fff8,0x00000000d5880000)
  from space 1024K, 74% used [0x00000000d5980000,0x00000000d5a3e900,0x00000000d5a80000)
  to   space 1024K, 0% used [0x00000000d5880000,0x00000000d5880000,0x00000000d5980000)
 ParOldGen       total 764416K, used 763915K [0x0000000080000000, 0x00000000aea80000, 0x00000000d5580000)
  object space 764416K, 99% used [0x0000000080000000,0x00000000aea02d40,0x00000000aea80000)
 Metaspace       used 100747K, committed 102656K, reserved 1179648K
  class space    used 10064K, committed 10944K, reserved 1048576K
}
Event: 13838.420 GC heap after
{Heap after GC invocations=5710 (full 7):
 PSYoungGen      total 4096K, used 192K [0x00000000d5580000, 0x00000000d5a00000, 0x0000000100000000)
  eden space 3072K, 0% used [0x00000000d5580000,0x00000000d5580000,0x00000000d5880000)
  from space 1024K, 18% used [0x00000000d5880000,0x00000000d58b0000,0x00000000d5980000)
  to   space 512K, 0% used [0x00000000d5980000,0x00000000d5980000,0x00000000d5a00000)
 ParOldGen       total 764416K, used 764295K [0x0000000080000000, 0x00000000aea80000, 0x00000000d5580000)
  object space 764416K, 99% used [0x0000000080000000,0x00000000aea61fe0,0x00000000aea80000)
 Metaspace       used 100747K, committed 102656K, reserved 1179648K
  class space    used 10064K, committed 10944K, reserved 1048576K
}
Event: 13838.673 GC heap before
{Heap before GC invocations=5711 (full 7):
 PSYoungGen      total 4096K, used 3256K [0x00000000d5580000, 0x00000000d5a00000, 0x0000000100000000)
  eden space 3072K, 99% used [0x00000000d5580000,0x00000000d587e368,0x00000000d5880000)
  from space 1024K, 18% used [0x00000000d5880000,0x00000000d58b0000,0x00000000d5980000)
  to   space 512K, 0% used [0x00000000d5980000,0x00000000d5980000,0x00000000d5a00000)
 ParOldGen       total 764416K, used 764295K [0x0000000080000000, 0x00000000aea80000, 0x00000000d5580000)
  object space 764416K, 99% used [0x0000000080000000,0x00000000aea61fe0,0x00000000aea80000)
 Metaspace       used 100762K, committed 102656K, reserved 1179648K
  class space    used 10066K, committed 10944K, reserved 1048576K
}
Event: 13838.679 GC heap after
{Heap after GC invocations=5711 (full 7):
 PSYoungGen      total 3584K, used 224K [0x00000000d5580000, 0x00000000d5a00000, 0x0000000100000000)
  eden space 3072K, 0% used [0x00000000d5580000,0x00000000d5580000,0x00000000d5880000)
  from space 512K, 43% used [0x00000000d5980000,0x00000000d59b8000,0x00000000d5a00000)
  to   space 512K, 0% used [0x00000000d5900000,0x00000000d5900000,0x00000000d5980000)
 ParOldGen       total 764416K, used 764343K [0x0000000080000000, 0x00000000aea80000, 0x00000000d5580000)
  object space 764416K, 99% used [0x0000000080000000,0x00000000aea6dfe0,0x00000000aea80000)
 Metaspace       used 100762K, committed 102656K, reserved 1179648K
  class space    used 10066K, committed 10944K, reserved 1048576K
}
Event: 13838.850 GC heap before
{Heap before GC invocations=5712 (full 7):
 PSYoungGen      total 3584K, used 3296K [0x00000000d5580000, 0x00000000d5a00000, 0x0000000100000000)
  eden space 3072K, 100% used [0x00000000d5580000,0x00000000d5880000,0x00000000d5880000)
  from space 512K, 43% used [0x00000000d5980000,0x00000000d59b8000,0x00000000d5a00000)
  to   space 512K, 0% used [0x00000000d5900000,0x00000000d5900000,0x00000000d5980000)
 ParOldGen       total 764416K, used 764343K [0x0000000080000000, 0x00000000aea80000, 0x00000000d5580000)
  object space 764416K, 99% used [0x0000000080000000,0x00000000aea6dfe0,0x00000000aea80000)
 Metaspace       used 100767K, committed 102656K, reserved 1179648K
  class space    used 10066K, committed 10944K, reserved 1048576K
}
Event: 13838.853 GC heap after
{Heap after GC invocations=5712 (full 7):
 PSYoungGen      total 3584K, used 372K [0x00000000d5580000, 0x00000000d5a00000, 0x0000000100000000)
  eden space 3072K, 0% used [0x00000000d5580000,0x00000000d5580000,0x00000000d5880000)
  from space 512K, 72% used [0x00000000d5900000,0x00000000d595d200,0x00000000d5980000)
  to   space 512K, 0% used [0x00000000d5980000,0x00000000d5980000,0x00000000d5a00000)
 ParOldGen       total 764416K, used 764383K [0x0000000080000000, 0x00000000aea80000, 0x00000000d5580000)
  object space 764416K, 99% used [0x0000000080000000,0x00000000aea77fe0,0x00000000aea80000)
 Metaspace       used 100767K, committed 102656K, reserved 1179648K
  class space    used 10066K, committed 10944K, reserved 1048576K
}
Event: 13838.869 GC heap before
{Heap before GC invocations=5713 (full 7):
 PSYoungGen      total 3584K, used 3444K [0x00000000d5580000, 0x00000000d5a00000, 0x0000000100000000)
  eden space 3072K, 100% used [0x00000000d5580000,0x00000000d5880000,0x00000000d5880000)
  from space 512K, 72% used [0x00000000d5900000,0x00000000d595d200,0x00000000d5980000)
  to   space 512K, 0% used [0x00000000d5980000,0x00000000d5980000,0x00000000d5a00000)
 ParOldGen       total 764416K, used 764383K [0x0000000080000000, 0x00000000aea80000, 0x00000000d5580000)
  object space 764416K, 99% used [0x0000000080000000,0x00000000aea77fe0,0x00000000aea80000)
 Metaspace       used 100767K, committed 102656K, reserved 1179648K
  class space    used 10066K, committed 10944K, reserved 1048576K
}
Event: 13838.873 GC heap after
{Heap after GC invocations=5713 (full 7):
 PSYoungGen      total 3584K, used 512K [0x00000000d5580000, 0x00000000d5a80000, 0x0000000100000000)
  eden space 3072K, 0% used [0x00000000d5580000,0x00000000d5580000,0x00000000d5880000)
  from space 512K, 100% used [0x00000000d5980000,0x00000000d5a00000,0x00000000d5a00000)
  to   space 1024K, 0% used [0x00000000d5880000,0x00000000d5880000,0x00000000d5980000)
 ParOldGen       total 764928K, used 764788K [0x0000000080000000, 0x00000000aeb00000, 0x00000000d5580000)
  object space 764928K, 99% used [0x0000000080000000,0x00000000aeadd1f0,0x00000000aeb00000)
 Metaspace       used 100767K, committed 102656K, reserved 1179648K
  class space    used 10066K, committed 10944K, reserved 1048576K
}

